<?xml version="1.0" encoding="UTF-8"?>
<!-- Generated by org.testng.reporters.JUnitXMLReporter -->
<testsuite ignored="0" hostname="NYMCHNCPU317" failures="0" tests="3" name="Default test" time="29.816" errors="0" timestamp="2024-02-07T14:08:23 IST">
  <testcase classname="Selenium_SampleProject.Selenium_SampleProject.BrowserLaunch" name="browserlauch" time="6.518"/>
  <testcase classname="Selenium_SampleProject.Selenium_SampleProject.BrowserLaunch" name="maximizeWindow" time="20.588"/>
  <testcase classname="Selenium_SampleProject.Selenium_SampleProject.BrowserLaunch" name="exit" time="2.458"/>
</testsuite> <!-- Default test -->
